<?xml version="1.0" encoding="UTF-8"?>
<!-- Generated by org.testng.reporters.JUnitReportReporter -->
<testsuite hostname="jince-jince" name="com.jince.android.tests.APPTestDemo" tests="1" failures="0" timestamp="16 Jun 2016 07:41:34 GMT" time="34.589" errors="0">
  <testcase name="Login" time="34.589" classname="com.jince.android.tests.APPTestDemo"/>
</testsuite> <!-- com.jince.android.tests.APPTestDemo -->
