<?xml version="1.0" encoding="UTF-8"?>
<!-- Generated by org.testng.reporters.JUnitReportReporter -->
<testsuite hostname="jince-jince" name="com.jince.android.tests.APPTest" tests="1" failures="0" timestamp="21 Apr 2016 09:24:17 GMT" time="43.284" errors="0">
  <testcase name="Login" time="43.284" classname="com.jince.android.tests.APPTest"/>
</testsuite> <!-- com.jince.android.tests.APPTest -->
