<?xml version="1.0" encoding="UTF-8"?>
<!-- Generated by org.testng.reporters.JUnitReportReporter -->
<testsuite hostname="jince-jince" name="com.jince.android.tests.APPTestDemo" tests="1" failures="0" timestamp="12 Jun 2016 09:49:03 GMT" time="33.808" errors="0">
  <testcase name="Login" time="33.808" classname="com.jince.android.tests.APPTestDemo"/>
</testsuite> <!-- com.jince.android.tests.APPTestDemo -->
