<?xml version="1.0" encoding="UTF-8"?>
<!-- Generated by org.testng.reporters.JUnitReportReporter -->
<testsuite hostname="jince-jince" name="com.jince.android.tests.APPTest" tests="1" failures="0" timestamp="6 Jun 2016 07:50:54 GMT" time="30.302" errors="0">
  <testcase name="Login" time="30.302" classname="com.jince.android.tests.APPTest"/>
</testsuite> <!-- com.jince.android.tests.APPTest -->
