<?xml version="1.0" encoding="UTF-8"?>
<!-- Generated by org.testng.reporters.JUnitReportReporter -->
<testsuite hostname="jince-jince" name="com.jince.android.tests.APPTestDemo" tests="1" failures="0" timestamp="20 Jun 2016 09:30:52 GMT" time="17.055" errors="0">
  <testcase name="Login" time="17.055" classname="com.jince.android.tests.APPTestDemo"/>
</testsuite> <!-- com.jince.android.tests.APPTestDemo -->
