<?xml version="1.0" encoding="UTF-8"?>
<!-- Generated by org.testng.reporters.JUnitReportReporter -->
<testsuite hostname="jince-jince" name="com.jince.android.tests.MyTest" tests="1" failures="0" timestamp="12 Jun 2016 07:16:38 GMT" time="0.027" errors="0">
  <testcase name="getDriverType" time="0.027" classname="com.jince.android.tests.MyTest"/>
</testsuite> <!-- com.jince.android.tests.MyTest -->
