<?xml version="1.0" encoding="UTF-8"?>
<!-- Generated by org.testng.reporters.JUnitReportReporter -->
<testsuite hostname="jince-jince" name="com.jince.android.tests.APPTestDemo" tests="1" failures="0" timestamp="8 Jun 2016 08:34:26 GMT" time="33.529" errors="0">
  <testcase name="Login" time="33.529" classname="com.jince.android.tests.APPTestDemo"/>
</testsuite> <!-- com.jince.android.tests.APPTestDemo -->
